<?xml version="1.0" encoding="UTF-8"?>
<robot generator="Robot 5.0 (Python 3.8.5 on win32)" generated="20220527 08:23:18.974" rpa="false" schemaversion="3">
<suite id="s1" name="Shopping-Cart1" source="C:\Users\worakarn.pea\Desktop\MockApi_Shopping\RobotFramework\shopping-cart1.robot">
<test id="s1-t1" name="ซื้อ 43 Price Dinner Set" line="9">
<kw name="Create Session" library="RequestsLibrary" type="SETUP">
<arg>alias=shop-service</arg>
<arg>url=http://localhost:3060</arg>
<arg>disable_warnings=1</arg>
<doc>Create Session: create a HTTP session to a server</doc>
<msg timestamp="20220527 08:23:19.304" level="INFO">Creating Session using : alias=shop-service, url=http://localhost:3060, headers={},                     cookies={}, auth=None, timeout=None, proxies=None, verify=False,                     debug=0 </msg>
<status status="PASS" starttime="20220527 08:23:19.304" endtime="20220527 08:23:19.304"/>
</kw>
<kw name="ตรวจสอบสินค้าทั้งหมดมี 2 ชิ้นและราคาชิ้นที่ 1 ต้องเท่ากับ 12.95" sourcename="ตรวจสอบสินค้าทั้งหมดมี ${total} ชิ้นและราคาชิ้นที่ ${sequence} ต้องเท่ากับ ${price}">
<kw name="GET On Session" library="RequestsLibrary">
<var>${response}</var>
<arg>shop-service</arg>
<arg>/product</arg>
<arg>headers=&amp;{headers}</arg>
<doc>Sends a GET request on a previously created HTTP Session.</doc>
<msg timestamp="20220527 08:23:19.335" level="INFO">GET Request : url=http://localhost:3060/product 
 path_url=/product 
 headers={'User-Agent': 'python-requests/2.25.1', 'Accept-Encoding': 'gzip, deflate', 'Accept': 'application/json', 'Connection': 'keep-alive'} 
 body=None 
 </msg>
<msg timestamp="20220527 08:23:19.335" level="INFO">GET Response : url=http://localhost:3060/product 
 status=200, reason=OK 
 headers={'X-Powered-By': 'Express', 'Access-Control-Allow-Origin': '*', 'Content-Type': 'application/json; charset=utf-8', 'Content-Length': '290', 'ETag': 'W/"122-LCnxqlrMg9sRdfh9J6nW9epSwiw"', 'Date': 'Fri, 27 May 2022 01:23:19 GMT', 'Connection': 'keep-alive', 'Keep-Alive': 'timeout=5'} 
 body={"code":1,"message":"OK","data":{"total":2,"products":[{"id":1,"product_name":"Balance Training Bicycle","product_price":119.95,"product_image":"/Balance_Training_Bicycle.png"},{"id":2,"product_name":"43 Piece dinner Set","product_price":12.95,"product_image":"/43_Piece_dinner_Set.png"}]}} 
 </msg>
<msg timestamp="20220527 08:23:19.335" level="INFO">${response} = &lt;Response [200]&gt;</msg>
<status status="PASS" starttime="20220527 08:23:19.305" endtime="20220527 08:23:19.335"/>
</kw>
<kw name="Status Should Be" library="RequestsLibrary">
<arg>200</arg>
<arg>${response}</arg>
<doc>Fails if response status code is different than the expected.</doc>
<status status="PASS" starttime="20220527 08:23:19.335" endtime="20220527 08:23:19.336"/>
</kw>
<kw name="Should Be Equal As Integers" library="BuiltIn">
<arg>2</arg>
<arg>${response.json()["data"]["total"]}</arg>
<doc>Fails if objects are unequal after converting them to integers.</doc>
<msg timestamp="20220527 08:23:19.336" level="INFO">Argument types are:
&lt;class 'str'&gt;
&lt;class 'int'&gt;</msg>
<status status="PASS" starttime="20220527 08:23:19.336" endtime="20220527 08:23:19.336"/>
</kw>
<kw name="Should Be Equal As Numbers" library="BuiltIn">
<arg>${price}</arg>
<arg>${response.json()["data"]["products"][${sequence}]["product_price"]}</arg>
<doc>Fails if objects are unequal after converting them to real numbers.</doc>
<msg timestamp="20220527 08:23:19.337" level="INFO">Argument types are:
&lt;class 'str'&gt;
&lt;class 'float'&gt;</msg>
<status status="PASS" starttime="20220527 08:23:19.336" endtime="20220527 08:23:19.337"/>
</kw>
<status status="PASS" starttime="20220527 08:23:19.305" endtime="20220527 08:23:19.337"/>
</kw>
<kw name="สินค้าชิ้นที่ 2 ต้องมีชื่อว่า 43 Piece dinner Set" sourcename="สินค้าชิ้นที่ ${id} ต้องมีชื่อว่า ${product_name}">
<kw name="GET On Session" library="RequestsLibrary">
<var>${response}</var>
<arg>shop-service</arg>
<arg>/product/${id}</arg>
<arg>headers=&amp;{headers}</arg>
<doc>Sends a GET request on a previously created HTTP Session.</doc>
<msg timestamp="20220527 08:23:19.342" level="INFO">GET Request : url=http://localhost:3060/product/2 
 path_url=/product/2 
 headers={'User-Agent': 'python-requests/2.25.1', 'Accept-Encoding': 'gzip, deflate', 'Accept': 'application/json', 'Connection': 'keep-alive'} 
 body=None 
 </msg>
<msg timestamp="20220527 08:23:19.343" level="INFO">GET Response : url=http://localhost:3060/product/2 
 status=200, reason=OK 
 headers={'X-Powered-By': 'Express', 'Access-Control-Allow-Origin': '*', 'Content-Type': 'application/json; charset=utf-8', 'Content-Length': '143', 'ETag': 'W/"8f-vszP55MHxtwnoKePdazaIxOvun4"', 'Date': 'Fri, 27 May 2022 01:23:19 GMT', 'Connection': 'keep-alive', 'Keep-Alive': 'timeout=5'} 
 body={"code":1,"message":"OK","data":{"id":2,"product_name":"43 Piece dinner Set","product_price":12.95,"product_image":"/43_Piece_dinner_Set.png"}} 
 </msg>
<msg timestamp="20220527 08:23:19.343" level="INFO">${response} = &lt;Response [200]&gt;</msg>
<status status="PASS" starttime="20220527 08:23:19.338" endtime="20220527 08:23:19.343"/>
</kw>
<kw name="Status Should Be" library="RequestsLibrary">
<arg>200</arg>
<arg>${response}</arg>
<doc>Fails if response status code is different than the expected.</doc>
<status status="PASS" starttime="20220527 08:23:19.343" endtime="20220527 08:23:19.343"/>
</kw>
<kw name="Set Variable" library="BuiltIn">
<var>&amp;{product}</var>
<arg>${response.json()["data"]}</arg>
<doc>Returns the given values which can then be assigned to a variables.</doc>
<msg timestamp="20220527 08:23:19.343" level="INFO">&amp;{product} = { id=2 | product_name=43 Piece dinner Set | product_price=12.95 | product_image=/43_Piece_dinner_Set.png }</msg>
<status status="PASS" starttime="20220527 08:23:19.343" endtime="20220527 08:23:19.343"/>
</kw>
<kw name="Log To Console" library="BuiltIn">
<arg>${product.product_name}</arg>
<doc>Logs the given message to the console.</doc>
<status status="PASS" starttime="20220527 08:23:19.343" endtime="20220527 08:23:19.344"/>
</kw>
<status status="PASS" starttime="20220527 08:23:19.337" endtime="20220527 08:23:19.344"/>
</kw>
<kw name="สั่งซื้อสินค้าและมียอดรวมเท่ากับ 259" sourcename="สั่งซื้อสินค้าและมียอดรวมเท่ากับ ${total_price}">
<kw name="POST On Session" library="RequestsLibrary">
<var>${response}</var>
<arg>shop-service</arg>
<arg>/order</arg>
<arg>json=&amp;{ORDER}</arg>
<doc>Sends a POST request on a previously created HTTP Session.</doc>
<msg timestamp="20220527 08:23:19.366" level="INFO">POST Request : url=http://localhost:3060/order 
 path_url=/order 
 headers={'User-Agent': 'python-requests/2.25.1', 'Accept-Encoding': 'gzip, deflate', 'Accept': '*/*', 'Connection': 'keep-alive', 'Content-Length': '37', 'Content-Type': 'application/json'} 
 body=b'{"product_id": "2", "quantity": "20"}' 
 </msg>
<msg timestamp="20220527 08:23:19.366" level="INFO">POST Response : url=http://localhost:3060/order 
 status=200, reason=OK 
 headers={'X-Powered-By': 'Express', 'Access-Control-Allow-Origin': '*', 'Content-Type': 'application/json; charset=utf-8', 'Content-Length': '198', 'ETag': 'W/"c6-pifbKw+LhBwaU9nj7UgkRymv/hI"', 'Date': 'Fri, 27 May 2022 01:23:19 GMT', 'Connection': 'keep-alive', 'Keep-Alive': 'timeout=5'} 
 body={"code":1,"message":"OK","data":{"order_id":8004359122,"products":[{"id":2,"product_name":"43 Piece dinner Set","product_price":12.95,"product_image":"/43_Piece_dinner_Set.png"}],"total_price":259}} 
 </msg>
<msg timestamp="20220527 08:23:19.366" level="INFO">${response} = &lt;Response [200]&gt;</msg>
<status status="PASS" starttime="20220527 08:23:19.345" endtime="20220527 08:23:19.366"/>
</kw>
<kw name="Status Should Be" library="RequestsLibrary">
<arg>200</arg>
<arg>${response}</arg>
<doc>Fails if response status code is different than the expected.</doc>
<status status="PASS" starttime="20220527 08:23:19.367" endtime="20220527 08:23:19.367"/>
</kw>
<kw name="Should Be Equal As Integers" library="BuiltIn">
<arg>8004359122</arg>
<arg>${response.json()["data"]["order_id"]}</arg>
<doc>Fails if objects are unequal after converting them to integers.</doc>
<msg timestamp="20220527 08:23:19.368" level="INFO">Argument types are:
&lt;class 'str'&gt;
&lt;class 'int'&gt;</msg>
<status status="PASS" starttime="20220527 08:23:19.367" endtime="20220527 08:23:19.368"/>
</kw>
<kw name="Should Be Equal As Numbers" library="BuiltIn">
<arg>${total_price}</arg>
<arg>${response.json()["data"]["total_price"]}</arg>
<doc>Fails if objects are unequal after converting them to real numbers.</doc>
<msg timestamp="20220527 08:23:19.368" level="INFO">Argument types are:
&lt;class 'str'&gt;
&lt;class 'int'&gt;</msg>
<status status="PASS" starttime="20220527 08:23:19.368" endtime="20220527 08:23:19.368"/>
</kw>
<return>
<value>${response.json()["data"]["order_id"]}</value>
<status status="PASS" starttime="20220527 08:23:19.368" endtime="20220527 08:23:19.368"/>
</return>
<status status="PASS" starttime="20220527 08:23:19.344" endtime="20220527 08:23:19.369"/>
</kw>
<kw name="จ่ายเงินตามหมายเลข 8004359122 จะได้ข้อความแจ้งเตือน วันเวลาที่ชำระเงิน 1/3/2020 13:30:00 หมายเลขคำสั่งซื้อ 8004359122 คุณสามารถติดตามสินค้าผ่านช่องทาง Kerry หมายเลข 1785261900" sourcename="จ่ายเงินตามหมายเลข ${order_id} จะได้ข้อความแจ้งเตือน ${notification_message}">
<kw name="Set To Dictionary" library="Collections">
<arg>${CONFIRM}</arg>
<arg>order_id=${order_id}</arg>
<doc>Adds the given ``key_value_pairs`` and ``items`` to the ``dictionary``.</doc>
<status status="PASS" starttime="20220527 08:23:19.370" endtime="20220527 08:23:19.370"/>
</kw>
<kw name="POST On Session" library="RequestsLibrary">
<var>${response}</var>
<arg>shop-service</arg>
<arg>/confirmPayment</arg>
<arg>headers=${HEADERS}</arg>
<arg>json=&amp;{CONFIRM}</arg>
<doc>Sends a POST request on a previously created HTTP Session.</doc>
<msg timestamp="20220527 08:23:19.375" level="INFO">POST Request : url=http://localhost:3060/confirmPayment 
 path_url=/confirmPayment 
 headers={'User-Agent': 'python-requests/2.25.1', 'Accept-Encoding': 'gzip, deflate', 'Accept': 'application/json', 'Connection': 'keep-alive', 'Content-Length': '26', 'Content-Type': 'application/json'} 
 body=b'{"order_id": "8004359122"}' 
 </msg>
<msg timestamp="20220527 08:23:19.375" level="INFO">POST Response : url=http://localhost:3060/confirmPayment 
 status=200, reason=OK 
 headers={'X-Powered-By': 'Express', 'Access-Control-Allow-Origin': '*', 'Content-Type': 'application/json; charset=utf-8', 'Content-Length': '325', 'ETag': 'W/"145-9e/HG+JVwbGO+x7u9X2MhNLDE68"', 'Date': 'Fri, 27 May 2022 01:23:19 GMT', 'Connection': 'keep-alive', 'Keep-Alive': 'timeout=5'} 
 body={"code":1,"message":"OK","data":{"notify_message":"วันเวลาที่ชำระเงิน 1/3/2020 13:30:00 หมายเลขคำสั่งซื้อ 8004359122 คุณสามารถติดตามสินค้าผ่านช่องทาง Kerry หมายเลข 1785261900"}} 
 </msg>
<msg timestamp="20220527 08:23:19.375" level="INFO">${response} = &lt;Response [200]&gt;</msg>
<status status="PASS" starttime="20220527 08:23:19.370" endtime="20220527 08:23:19.375"/>
</kw>
<kw name="Status Should Be" library="RequestsLibrary">
<arg>200</arg>
<arg>${response}</arg>
<doc>Fails if response status code is different than the expected.</doc>
<status status="PASS" starttime="20220527 08:23:19.375" endtime="20220527 08:23:19.375"/>
</kw>
<kw name="Should Be Equal" library="BuiltIn">
<arg>${notification_message}</arg>
<arg>${response.json()["data"]["notify_message"]}</arg>
<doc>Fails if the given objects are unequal.</doc>
<status status="PASS" starttime="20220527 08:23:19.375" endtime="20220527 08:23:19.376"/>
</kw>
<status status="PASS" starttime="20220527 08:23:19.370" endtime="20220527 08:23:19.376"/>
</kw>
<status status="PASS" starttime="20220527 08:23:19.303" endtime="20220527 08:23:19.376"/>
</test>
<status status="PASS" starttime="20220527 08:23:18.979" endtime="20220527 08:23:19.378"/>
</suite>
<statistics>
<total>
<stat pass="1" fail="0" skip="0">All Tests</stat>
</total>
<tag>
</tag>
<suite>
<stat pass="1" fail="0" skip="0" id="s1" name="Shopping-Cart1">Shopping-Cart1</stat>
</suite>
</statistics>
<errors>
</errors>
</robot>
